D:\Documents\Visual Studio 2010\Projects\rkdg\Debug\rkdg.pdb
D:\Documents\Visual Studio 2010\Projects\rkdg\rkdg\Debug\cl.command.1.tlog
D:\Documents\Visual Studio 2010\Projects\rkdg\rkdg\Debug\CL.read.1.tlog
D:\Documents\Visual Studio 2010\Projects\rkdg\rkdg\Debug\CL.write.1.tlog
D:\DOCUMENTS\VISUAL STUDIO 2010\PROJECTS\RKDG\RKDG\DEBUG\CONFIG.OBJ
D:\DOCUMENTS\VISUAL STUDIO 2010\PROJECTS\RKDG\RKDG\DEBUG\CUDAARRAYS.OBJ
D:\Documents\Visual Studio 2010\Projects\rkdg\rkdg\Debug\cudarkdgsolver.cu.cache
D:\Documents\Visual Studio 2010\Projects\rkdg\rkdg\Debug\cudarkdgsolver.cu.obj
D:\Documents\Visual Studio 2010\Projects\rkdg\rkdg\Debug\cudaspsaoptimize.cu.cache
D:\Documents\Visual Studio 2010\Projects\rkdg\rkdg\Debug\cudaspsaoptimize.cu.obj
D:\DOCUMENTS\VISUAL STUDIO 2010\PROJECTS\RKDG\RKDG\DEBUG\EDGE.OBJ
D:\DOCUMENTS\VISUAL STUDIO 2010\PROJECTS\RKDG\RKDG\DEBUG\GAUSS.OBJ
D:\Documents\Visual Studio 2010\Projects\rkdg\rkdg\Debug\kernelfunctions.cu.cache
D:\Documents\Visual Studio 2010\Projects\rkdg\rkdg\Debug\kernelfunctions.cu.obj
D:\Documents\Visual Studio 2010\Projects\rkdg\rkdg\Debug\link.command.1.tlog
D:\Documents\Visual Studio 2010\Projects\rkdg\rkdg\Debug\link.read.1.tlog
D:\Documents\Visual Studio 2010\Projects\rkdg\rkdg\Debug\link.write.1.tlog
D:\DOCUMENTS\VISUAL STUDIO 2010\PROJECTS\RKDG\RKDG\DEBUG\MAIN.OBJ
D:\DOCUMENTS\VISUAL STUDIO 2010\PROJECTS\RKDG\RKDG\DEBUG\MYEXCEPTION.OBJ
D:\DOCUMENTS\VISUAL STUDIO 2010\PROJECTS\RKDG\RKDG\DEBUG\MYTIME.OBJ
D:\Documents\Visual Studio 2010\Projects\rkdg\rkdg\Debug\rkdg.exe.intermediate.manifest
D:\Documents\Visual Studio 2010\Projects\rkdg\rkdg\Debug\rkdg.vcxprojResolveAssemblyReference.cache
D:\Documents\Visual Studio 2010\Projects\rkdg\rkdg\Debug\rkdg.write.1.tlog
D:\DOCUMENTS\VISUAL STUDIO 2010\PROJECTS\RKDG\RKDG\DEBUG\TRIANGLEINFO.OBJ
D:\DOCUMENTS\VISUAL STUDIO 2010\PROJECTS\RKDG\RKDG\DEBUG\UNSTRUCTUREDGRID.OBJ
D:\Documents\Visual Studio 2010\Projects\rkdg\rkdg\Debug\vc100.idb
D:\DOCUMENTS\VISUAL STUDIO 2010\PROJECTS\RKDG\RKDG\DEBUG\VC100.PDB
D:\DOCUMENTS\VISUAL STUDIO 2010\PROJECTS\RKDG\RKDG\DEBUG\VERTICE2D.OBJ
